INFO [2023-03-06 09:05:36] $x
INFO [2023-03-06 09:05:36] list(set1, set2)
INFO [2023-03-06 09:05:36] 
INFO [2023-03-06 09:05:36] $category.names
INFO [2023-03-06 09:05:36] c("r/python", "r/learnpython")
INFO [2023-03-06 09:05:36] 
INFO [2023-03-06 09:05:36] $filename
INFO [2023-03-06 09:05:36] [1] "figures/venn_diagramm.png"
INFO [2023-03-06 09:05:36] 
INFO [2023-03-06 09:05:36] $output
INFO [2023-03-06 09:05:36] [1] TRUE
INFO [2023-03-06 09:05:36] 
INFO [2023-03-06 09:05:36] $imagetype
INFO [2023-03-06 09:05:36] [1] "png"
INFO [2023-03-06 09:05:36] 
INFO [2023-03-06 09:05:36] $height
INFO [2023-03-06 09:05:36] [1] 480
INFO [2023-03-06 09:05:36] 
INFO [2023-03-06 09:05:36] $width
INFO [2023-03-06 09:05:36] [1] 480
INFO [2023-03-06 09:05:36] 
INFO [2023-03-06 09:05:36] $resolution
INFO [2023-03-06 09:05:36] [1] 300
INFO [2023-03-06 09:05:36] 
INFO [2023-03-06 09:05:36] $compression
INFO [2023-03-06 09:05:36] [1] "lzw"
INFO [2023-03-06 09:05:36] 
INFO [2023-03-06 09:05:36] $lwd
INFO [2023-03-06 09:05:36] [1] 1
INFO [2023-03-06 09:05:36] 
INFO [2023-03-06 09:05:36] $col
INFO [2023-03-06 09:05:36] c("#440154ff", "#21908dff")
INFO [2023-03-06 09:05:36] 
INFO [2023-03-06 09:05:36] $fill
INFO [2023-03-06 09:05:36] c(alpha("#440154ff", 0.3), alpha("#21908dff", 0.3))
INFO [2023-03-06 09:05:36] 
INFO [2023-03-06 09:05:36] $cex
INFO [2023-03-06 09:05:36] [1] 0.5
INFO [2023-03-06 09:05:36] 
INFO [2023-03-06 09:05:36] $fontfamily
INFO [2023-03-06 09:05:36] [1] "sans"
INFO [2023-03-06 09:05:36] 
INFO [2023-03-06 09:05:36] $cat.cex
INFO [2023-03-06 09:05:36] [1] 0.3
INFO [2023-03-06 09:05:36] 
INFO [2023-03-06 09:05:36] $cat.default.pos
INFO [2023-03-06 09:05:36] [1] "outer"
INFO [2023-03-06 09:05:36] 
INFO [2023-03-06 09:05:36] $cat.pos
INFO [2023-03-06 09:05:36] c(-27, 27, 135)
INFO [2023-03-06 09:05:36] 
INFO [2023-03-06 09:05:36] $cat.dist
INFO [2023-03-06 09:05:36] c(0.055, 0.055, 0.085)
INFO [2023-03-06 09:05:36] 
INFO [2023-03-06 09:05:36] $cat.fontfamily
INFO [2023-03-06 09:05:36] [1] "sans"
INFO [2023-03-06 09:05:36] 
INFO [2023-03-06 09:05:36] $rotation
INFO [2023-03-06 09:05:36] [1] 1
INFO [2023-03-06 09:05:36] 
