INFO [2023-03-06 09:06:09] $x
INFO [2023-03-06 09:06:09] list(set1, set2)
INFO [2023-03-06 09:06:09] 
INFO [2023-03-06 09:06:09] $category.names
INFO [2023-03-06 09:06:09] c("r/python", "r/learnpython")
INFO [2023-03-06 09:06:09] 
INFO [2023-03-06 09:06:09] $filename
INFO [2023-03-06 09:06:09] [1] "figures/venn_diagramm.png"
INFO [2023-03-06 09:06:09] 
INFO [2023-03-06 09:06:09] $output
INFO [2023-03-06 09:06:09] [1] TRUE
INFO [2023-03-06 09:06:09] 
INFO [2023-03-06 09:06:09] $imagetype
INFO [2023-03-06 09:06:09] [1] "png"
INFO [2023-03-06 09:06:09] 
INFO [2023-03-06 09:06:09] $lwd
INFO [2023-03-06 09:06:09] [1] 1
INFO [2023-03-06 09:06:09] 
INFO [2023-03-06 09:06:09] $col
INFO [2023-03-06 09:06:09] c("#440154ff", "#21908dff")
INFO [2023-03-06 09:06:09] 
INFO [2023-03-06 09:06:09] $fill
INFO [2023-03-06 09:06:09] c(alpha("#440154ff", 0.3), alpha("#21908dff", 0.3))
INFO [2023-03-06 09:06:09] 
