INFO [2023-03-06 09:05:43] $x
INFO [2023-03-06 09:05:43] list(set1, set2)
INFO [2023-03-06 09:05:43] 
INFO [2023-03-06 09:05:43] $category.names
INFO [2023-03-06 09:05:43] c("r/python", "r/learnpython")
INFO [2023-03-06 09:05:43] 
INFO [2023-03-06 09:05:43] $filename
INFO [2023-03-06 09:05:43] [1] "figures/venn_diagramm.png"
INFO [2023-03-06 09:05:43] 
INFO [2023-03-06 09:05:43] $output
INFO [2023-03-06 09:05:43] [1] TRUE
INFO [2023-03-06 09:05:43] 
INFO [2023-03-06 09:05:43] $imagetype
INFO [2023-03-06 09:05:43] [1] "png"
INFO [2023-03-06 09:05:43] 
INFO [2023-03-06 09:05:43] $height
INFO [2023-03-06 09:05:43] [1] 480
INFO [2023-03-06 09:05:43] 
INFO [2023-03-06 09:05:43] $width
INFO [2023-03-06 09:05:43] [1] 480
INFO [2023-03-06 09:05:43] 
INFO [2023-03-06 09:05:43] $resolution
INFO [2023-03-06 09:05:43] [1] 300
INFO [2023-03-06 09:05:43] 
INFO [2023-03-06 09:05:43] $compression
INFO [2023-03-06 09:05:43] [1] "lzw"
INFO [2023-03-06 09:05:43] 
INFO [2023-03-06 09:05:43] $lwd
INFO [2023-03-06 09:05:43] [1] 1
INFO [2023-03-06 09:05:43] 
INFO [2023-03-06 09:05:43] $col
INFO [2023-03-06 09:05:43] c("#440154ff", "#21908dff")
INFO [2023-03-06 09:05:43] 
INFO [2023-03-06 09:05:43] $fill
INFO [2023-03-06 09:05:43] c(alpha("#440154ff", 0.3), alpha("#21908dff", 0.3))
INFO [2023-03-06 09:05:43] 
INFO [2023-03-06 09:05:43] $cex
INFO [2023-03-06 09:05:43] [1] 0.5
INFO [2023-03-06 09:05:43] 
INFO [2023-03-06 09:05:43] $fontfamily
INFO [2023-03-06 09:05:43] [1] "sans"
INFO [2023-03-06 09:05:43] 
INFO [2023-03-06 09:05:43] $cat.cex
INFO [2023-03-06 09:05:43] [1] 0.3
INFO [2023-03-06 09:05:43] 
INFO [2023-03-06 09:05:43] $cat.default.pos
INFO [2023-03-06 09:05:43] [1] "outer"
INFO [2023-03-06 09:05:43] 
INFO [2023-03-06 09:05:43] $cat.pos
INFO [2023-03-06 09:05:43] c(-27, 27, 135)
INFO [2023-03-06 09:05:43] 
INFO [2023-03-06 09:05:43] $cat.dist
INFO [2023-03-06 09:05:43] c(0.055, 0.055, 0.085)
INFO [2023-03-06 09:05:43] 
INFO [2023-03-06 09:05:43] $rotation
INFO [2023-03-06 09:05:43] [1] 1
INFO [2023-03-06 09:05:43] 
