INFO [2023-03-06 09:05:39] $x
INFO [2023-03-06 09:05:39] list(set1, set2)
INFO [2023-03-06 09:05:39] 
INFO [2023-03-06 09:05:39] $category.names
INFO [2023-03-06 09:05:39] c("r/python", "r/learnpython")
INFO [2023-03-06 09:05:39] 
INFO [2023-03-06 09:05:39] $filename
INFO [2023-03-06 09:05:39] [1] "figures/venn_diagramm.png"
INFO [2023-03-06 09:05:39] 
INFO [2023-03-06 09:05:39] $output
INFO [2023-03-06 09:05:39] [1] TRUE
INFO [2023-03-06 09:05:39] 
INFO [2023-03-06 09:05:39] $imagetype
INFO [2023-03-06 09:05:39] [1] "png"
INFO [2023-03-06 09:05:39] 
INFO [2023-03-06 09:05:39] $height
INFO [2023-03-06 09:05:39] [1] 480
INFO [2023-03-06 09:05:39] 
INFO [2023-03-06 09:05:39] $width
INFO [2023-03-06 09:05:39] [1] 480
INFO [2023-03-06 09:05:39] 
INFO [2023-03-06 09:05:39] $resolution
INFO [2023-03-06 09:05:39] [1] 300
INFO [2023-03-06 09:05:39] 
INFO [2023-03-06 09:05:39] $compression
INFO [2023-03-06 09:05:39] [1] "lzw"
INFO [2023-03-06 09:05:39] 
INFO [2023-03-06 09:05:39] $lwd
INFO [2023-03-06 09:05:39] [1] 1
INFO [2023-03-06 09:05:39] 
INFO [2023-03-06 09:05:39] $col
INFO [2023-03-06 09:05:39] c("#440154ff", "#21908dff")
INFO [2023-03-06 09:05:39] 
INFO [2023-03-06 09:05:39] $fill
INFO [2023-03-06 09:05:39] c(alpha("#440154ff", 0.3), alpha("#21908dff", 0.3))
INFO [2023-03-06 09:05:39] 
INFO [2023-03-06 09:05:39] $cex
INFO [2023-03-06 09:05:39] [1] 0.5
INFO [2023-03-06 09:05:39] 
INFO [2023-03-06 09:05:39] $fontfamily
INFO [2023-03-06 09:05:39] [1] "sans"
INFO [2023-03-06 09:05:39] 
INFO [2023-03-06 09:05:39] $cat.cex
INFO [2023-03-06 09:05:39] [1] 0.3
INFO [2023-03-06 09:05:39] 
INFO [2023-03-06 09:05:39] $cat.default.pos
INFO [2023-03-06 09:05:39] [1] "outer"
INFO [2023-03-06 09:05:39] 
INFO [2023-03-06 09:05:39] $cat.pos
INFO [2023-03-06 09:05:39] c(-27, 27, 135)
INFO [2023-03-06 09:05:39] 
INFO [2023-03-06 09:05:39] $cat.dist
INFO [2023-03-06 09:05:39] c(0.055, 0.055, 0.085)
INFO [2023-03-06 09:05:39] 
INFO [2023-03-06 09:05:39] $cat.fontfamily
INFO [2023-03-06 09:05:39] [1] "sans"
INFO [2023-03-06 09:05:39] 
INFO [2023-03-06 09:05:39] $rotation
INFO [2023-03-06 09:05:39] [1] 1
INFO [2023-03-06 09:05:39] 
