INFO [2023-03-06 09:05:53] $x
INFO [2023-03-06 09:05:53] list(set1, set2)
INFO [2023-03-06 09:05:53] 
INFO [2023-03-06 09:05:53] $category.names
INFO [2023-03-06 09:05:53] c("r/python", "r/learnpython")
INFO [2023-03-06 09:05:53] 
INFO [2023-03-06 09:05:53] $filename
INFO [2023-03-06 09:05:53] [1] "figures/venn_diagramm.png"
INFO [2023-03-06 09:05:53] 
INFO [2023-03-06 09:05:53] $output
INFO [2023-03-06 09:05:53] [1] TRUE
INFO [2023-03-06 09:05:53] 
INFO [2023-03-06 09:05:53] $imagetype
INFO [2023-03-06 09:05:53] [1] "png"
INFO [2023-03-06 09:05:53] 
INFO [2023-03-06 09:05:53] $height
INFO [2023-03-06 09:05:53] [1] 480
INFO [2023-03-06 09:05:53] 
INFO [2023-03-06 09:05:53] $width
INFO [2023-03-06 09:05:53] [1] 480
INFO [2023-03-06 09:05:53] 
INFO [2023-03-06 09:05:53] $resolution
INFO [2023-03-06 09:05:53] [1] 300
INFO [2023-03-06 09:05:53] 
INFO [2023-03-06 09:05:53] $compression
INFO [2023-03-06 09:05:53] [1] "lzw"
INFO [2023-03-06 09:05:53] 
INFO [2023-03-06 09:05:53] $lwd
INFO [2023-03-06 09:05:53] [1] 1
INFO [2023-03-06 09:05:53] 
INFO [2023-03-06 09:05:53] $col
INFO [2023-03-06 09:05:53] c("#440154ff", "#21908dff")
INFO [2023-03-06 09:05:53] 
INFO [2023-03-06 09:05:53] $fill
INFO [2023-03-06 09:05:53] c(alpha("#440154ff", 0.3), alpha("#21908dff", 0.3))
INFO [2023-03-06 09:05:53] 
