INFO [2023-03-06 09:05:13] $x
INFO [2023-03-06 09:05:13] list(set1, set2)
INFO [2023-03-06 09:05:13] 
INFO [2023-03-06 09:05:13] $category.names
INFO [2023-03-06 09:05:13] c("r/python", "r/learnpython")
INFO [2023-03-06 09:05:13] 
INFO [2023-03-06 09:05:13] $filename
INFO [2023-03-06 09:05:13] [1] "figures/venn_diagramm.png"
INFO [2023-03-06 09:05:13] 
INFO [2023-03-06 09:05:13] $output
INFO [2023-03-06 09:05:13] [1] TRUE
INFO [2023-03-06 09:05:13] 
INFO [2023-03-06 09:05:13] $imagetype
INFO [2023-03-06 09:05:13] [1] "png"
INFO [2023-03-06 09:05:13] 
INFO [2023-03-06 09:05:13] $height
INFO [2023-03-06 09:05:13] [1] 480
INFO [2023-03-06 09:05:13] 
INFO [2023-03-06 09:05:13] $width
INFO [2023-03-06 09:05:13] [1] 480
INFO [2023-03-06 09:05:13] 
INFO [2023-03-06 09:05:13] $resolution
INFO [2023-03-06 09:05:13] [1] 300
INFO [2023-03-06 09:05:13] 
INFO [2023-03-06 09:05:13] $compression
INFO [2023-03-06 09:05:13] [1] "lzw"
INFO [2023-03-06 09:05:13] 
INFO [2023-03-06 09:05:13] $lwd
INFO [2023-03-06 09:05:13] [1] 1
INFO [2023-03-06 09:05:13] 
INFO [2023-03-06 09:05:13] $col
INFO [2023-03-06 09:05:13] c("#440154ff", "#21908dff")
INFO [2023-03-06 09:05:13] 
INFO [2023-03-06 09:05:13] $fill
INFO [2023-03-06 09:05:13] c(alpha("#440154ff", 0.3), alpha("#21908dff", 0.3))
INFO [2023-03-06 09:05:13] 
INFO [2023-03-06 09:05:13] $cex
INFO [2023-03-06 09:05:13] [1] 0.5
INFO [2023-03-06 09:05:13] 
INFO [2023-03-06 09:05:13] $fontfamily
INFO [2023-03-06 09:05:13] [1] "sans"
INFO [2023-03-06 09:05:13] 
INFO [2023-03-06 09:05:13] $cat.cex
INFO [2023-03-06 09:05:13] [1] 0.3
INFO [2023-03-06 09:05:13] 
INFO [2023-03-06 09:05:13] $cat.default.pos
INFO [2023-03-06 09:05:13] [1] "outer"
INFO [2023-03-06 09:05:13] 
INFO [2023-03-06 09:05:13] $cat.pos
INFO [2023-03-06 09:05:13] c(-27, 27, 135)
INFO [2023-03-06 09:05:13] 
INFO [2023-03-06 09:05:13] $cat.dist
INFO [2023-03-06 09:05:13] c(0.055, 0.055, 0.085)
INFO [2023-03-06 09:05:13] 
INFO [2023-03-06 09:05:13] $cat.fontfamily
INFO [2023-03-06 09:05:13] [1] "sans"
INFO [2023-03-06 09:05:13] 
INFO [2023-03-06 09:05:13] $cat.col
INFO [2023-03-06 09:05:13] c("#440154ff", "#21908dff")
INFO [2023-03-06 09:05:13] 
INFO [2023-03-06 09:05:13] $rotation
INFO [2023-03-06 09:05:13] [1] 1
INFO [2023-03-06 09:05:13] 
