INFO [2023-03-06 09:08:28] $x
INFO [2023-03-06 09:08:28] list(set1, set2)
INFO [2023-03-06 09:08:28] 
INFO [2023-03-06 09:08:28] $category.names
INFO [2023-03-06 09:08:28] c("r/python", "r/learnpython")
INFO [2023-03-06 09:08:28] 
INFO [2023-03-06 09:08:28] $filename
INFO [2023-03-06 09:08:28] [1] "figures/venn_diagramm.png"
INFO [2023-03-06 09:08:28] 
INFO [2023-03-06 09:08:28] $output
INFO [2023-03-06 09:08:28] [1] TRUE
INFO [2023-03-06 09:08:28] 
INFO [2023-03-06 09:08:28] $imagetype
INFO [2023-03-06 09:08:28] [1] "png"
INFO [2023-03-06 09:08:28] 
INFO [2023-03-06 09:08:28] $lwd
INFO [2023-03-06 09:08:28] [1] 1
INFO [2023-03-06 09:08:28] 
INFO [2023-03-06 09:08:28] $col
INFO [2023-03-06 09:08:28] c("#440154ff", "#21908dff")
INFO [2023-03-06 09:08:28] 
INFO [2023-03-06 09:08:28] $fill
INFO [2023-03-06 09:08:28] c(alpha("#440154ff", 0.3), alpha("#21908dff", 0.3))
INFO [2023-03-06 09:08:28] 
